23/04/2013 15:34:22 - New match 11348965 has started
23/04/2013 15:36:04 - Roman killed Nick using M16
23/04/2013 15:36:33 - <WORLD> killed Nick by DROWN
23/04/2013 15:37:04 - Nick killed Roman using AK47
23/04/2013 15:37:55 - Roman killed Nick using MAGNUM
23/04/2013 15:38:36 - Nick killed Roman using PISTOL
23/04/2013 15:39:25 - Roman killed Nick using MAGNUM
23/04/2013 15:40:46 - Nick killed Roman using PISTOL
23/04/2013 15:41:55 - Roman killed Nick using MAGNUM
23/04/2013 15:42:22 - Match 11348965 has ended
23/04/2013 16:34:22 - New match 11348970 has started
23/04/2013 16:36:04 - Roman killed Nick using M16
23/04/2013 16:36:33 - <WORLD> killed Ted by DROWN
23/04/2013 16:37:04 - Nick killed Ted using AK47
23/04/2013 16:37:55 - Will killed Ted using MAGNUM
23/04/2013 16:38:36 - Nick killed Roman using PISTOL
23/04/2013 16:39:25 - Will killed Nick using MAGNUM
23/04/2013 16:40:46 - Will killed Roman using PISTOL
23/04/2013 16:41:55 - Ted killed Nick using MAGNUM
23/04/2013 16:42:22 - Match 11348965 has ended